2026-02-17T16:19:01: PM2 log: ===============================================================================
2026-02-17T16:19:01: PM2 log: --- New PM2 Daemon started ----------------------------------------------------
2026-02-17T16:19:01: PM2 log: Time                 : Tue Feb 17 2026 16:19:01 GMT+0000 (Coordinated Universal Time)
2026-02-17T16:19:01: PM2 log: PM2 version          : 6.0.14
2026-02-17T16:19:01: PM2 log: Node.js version      : 18.20.8
2026-02-17T16:19:01: PM2 log: Current arch         : x64
2026-02-17T16:19:01: PM2 log: PM2 home             : /home/ec2-user/.pm2
2026-02-17T16:19:01: PM2 log: PM2 PID file         : /home/ec2-user/.pm2/pm2.pid
2026-02-17T16:19:01: PM2 log: RPC socket file      : /home/ec2-user/.pm2/rpc.sock
2026-02-17T16:19:01: PM2 log: BUS socket file      : /home/ec2-user/.pm2/pub.sock
2026-02-17T16:19:01: PM2 log: Application log path : /home/ec2-user/.pm2/logs
2026-02-17T16:19:01: PM2 log: Worker Interval      : 30000
2026-02-17T16:19:01: PM2 log: Process dump file    : /home/ec2-user/.pm2/dump.pm2
2026-02-17T16:19:01: PM2 log: Concurrent actions   : 2
2026-02-17T16:19:01: PM2 log: SIGTERM timeout      : 1600
2026-02-17T16:19:01: PM2 log: Runtime Binary       : /usr/bin/node
2026-02-17T16:19:01: PM2 log: ===============================================================================
2026-02-17T16:19:42: PM2 log: App [skyline-app:0] starting in -fork mode-
2026-02-17T16:19:42: PM2 log: App [skyline-app:0] online
2026-02-17T16:19:43: PM2 log: App [skyline-app:0] exited with code [1] via signal [SIGINT]
2026-02-17T16:19:43: PM2 log: App [skyline-app:0] starting in -fork mode-
2026-02-17T16:19:43: PM2 log: App [skyline-app:0] online
2026-02-17T16:19:43: PM2 log: App [skyline-app:0] exited with code [1] via signal [SIGINT]
2026-02-17T16:19:43: PM2 log: App [skyline-app:0] starting in -fork mode-
2026-02-17T16:19:43: PM2 log: App [skyline-app:0] online
2026-02-17T16:19:43: PM2 log: App [skyline-app:0] exited with code [1] via signal [SIGINT]
2026-02-17T16:19:43: PM2 log: App [skyline-app:0] starting in -fork mode-
2026-02-17T16:19:43: PM2 log: App [skyline-app:0] online
2026-02-17T16:19:43: PM2 log: App [skyline-app:0] exited with code [1] via signal [SIGINT]
2026-02-17T16:19:43: PM2 log: App [skyline-app:0] starting in -fork mode-
2026-02-17T16:19:43: PM2 log: App [skyline-app:0] online
2026-02-17T16:19:43: PM2 log: App [skyline-app:0] exited with code [1] via signal [SIGINT]
2026-02-17T16:19:43: PM2 log: App [skyline-app:0] starting in -fork mode-
2026-02-17T16:19:43: PM2 log: App [skyline-app:0] online
2026-02-17T16:19:43: PM2 log: App [skyline-app:0] exited with code [1] via signal [SIGINT]
2026-02-17T16:19:43: PM2 log: App [skyline-app:0] starting in -fork mode-
2026-02-17T16:19:43: PM2 log: App [skyline-app:0] online
2026-02-17T16:19:43: PM2 log: App [skyline-app:0] exited with code [1] via signal [SIGINT]
2026-02-17T16:19:43: PM2 log: App [skyline-app:0] starting in -fork mode-
2026-02-17T16:19:43: PM2 log: App [skyline-app:0] online
2026-02-17T16:19:44: PM2 log: App [skyline-app:0] exited with code [1] via signal [SIGINT]
2026-02-17T16:19:44: PM2 log: App [skyline-app:0] starting in -fork mode-
2026-02-17T16:19:44: PM2 log: App [skyline-app:0] online
2026-02-17T16:19:44: PM2 log: App [skyline-app:0] exited with code [1] via signal [SIGINT]
2026-02-17T16:19:44: PM2 log: App [skyline-app:0] starting in -fork mode-
2026-02-17T16:19:44: PM2 log: App [skyline-app:0] online
2026-02-17T16:19:44: PM2 log: App [skyline-app:0] exited with code [1] via signal [SIGINT]
2026-02-17T16:19:44: PM2 log: App [skyline-app:0] starting in -fork mode-
2026-02-17T16:19:44: PM2 log: App [skyline-app:0] online
2026-02-17T16:19:44: PM2 log: App [skyline-app:0] exited with code [1] via signal [SIGINT]
2026-02-17T16:19:44: PM2 log: App [skyline-app:0] starting in -fork mode-
2026-02-17T16:19:44: PM2 log: App [skyline-app:0] online
2026-02-17T16:19:44: PM2 log: App [skyline-app:0] exited with code [1] via signal [SIGINT]
2026-02-17T16:19:44: PM2 log: App [skyline-app:0] starting in -fork mode-
2026-02-17T16:19:44: PM2 log: App [skyline-app:0] online
2026-02-17T16:19:44: PM2 log: App [skyline-app:0] exited with code [1] via signal [SIGINT]
2026-02-17T16:19:44: PM2 log: App [skyline-app:0] starting in -fork mode-
2026-02-17T16:19:44: PM2 log: App [skyline-app:0] online
2026-02-17T16:19:45: PM2 log: App [skyline-app:0] exited with code [1] via signal [SIGINT]
2026-02-17T16:19:45: PM2 log: App [skyline-app:0] starting in -fork mode-
2026-02-17T16:19:45: PM2 log: App [skyline-app:0] online
2026-02-17T16:19:45: PM2 log: App [skyline-app:0] exited with code [1] via signal [SIGINT]
2026-02-17T16:19:45: PM2 log: App [skyline-app:0] starting in -fork mode-
2026-02-17T16:19:45: PM2 log: App [skyline-app:0] online
2026-02-17T16:19:45: PM2 log: App [skyline-app:0] exited with code [1] via signal [SIGINT]
2026-02-17T16:19:45: PM2 log: Script /home/ec2-user/app.js had too many unstable restarts (16). Stopped. "errored"
2026-02-17T16:27:52: PM2 log: pm2 has been killed by signal, dumping process list before exit...
2026-02-17T16:27:52: PM2 log: Deleting process 0
2026-02-17T16:27:52: PM2 log: Stopping app:skyline-app id:0
2026-02-17T16:27:52: PM2 error: app=skyline-app id=0 does not have a pid
2026-02-17T16:27:52: PM2 log: Exited peacefully
2026-02-18T13:27:19: PM2 log: ===============================================================================
2026-02-18T13:27:19: PM2 log: --- New PM2 Daemon started ----------------------------------------------------
2026-02-18T13:27:19: PM2 log: Time                 : Wed Feb 18 2026 13:27:19 GMT+0000 (Coordinated Universal Time)
2026-02-18T13:27:19: PM2 log: PM2 version          : 6.0.14
2026-02-18T13:27:19: PM2 log: Node.js version      : 18.20.8
2026-02-18T13:27:19: PM2 log: Current arch         : x64
2026-02-18T13:27:19: PM2 log: PM2 home             : /home/ec2-user/.pm2
2026-02-18T13:27:19: PM2 log: PM2 PID file         : /home/ec2-user/.pm2/pm2.pid
2026-02-18T13:27:19: PM2 log: RPC socket file      : /home/ec2-user/.pm2/rpc.sock
2026-02-18T13:27:19: PM2 log: BUS socket file      : /home/ec2-user/.pm2/pub.sock
2026-02-18T13:27:19: PM2 log: Application log path : /home/ec2-user/.pm2/logs
2026-02-18T13:27:19: PM2 log: Worker Interval      : 30000
2026-02-18T13:27:19: PM2 log: Process dump file    : /home/ec2-user/.pm2/dump.pm2
2026-02-18T13:27:19: PM2 log: Concurrent actions   : 2
2026-02-18T13:27:19: PM2 log: SIGTERM timeout      : 1600
2026-02-18T13:27:19: PM2 log: Runtime Binary       : /usr/bin/node
2026-02-18T13:27:19: PM2 log: ===============================================================================
2026-02-18T13:28:44: PM2 log: App [skyline-app:0] starting in -fork mode-
2026-02-18T13:28:44: PM2 log: App [skyline-app:0] online
2026-02-18T13:29:06: PM2 log: Stopping app:skyline-app id:0
2026-02-18T13:29:06: PM2 log: App [skyline-app:0] exited with code [0] via signal [SIGINT]
2026-02-18T13:29:06: PM2 log: pid=2084 msg=process killed
2026-02-18T13:29:06: PM2 log: App [skyline-app:0] starting in -fork mode-
2026-02-18T13:29:06: PM2 log: App [skyline-app:0] online
2026-02-18T13:55:40: PM2 log: Stopping app:skyline-app id:0
2026-02-18T13:55:40: PM2 log: App [skyline-app:0] exited with code [0] via signal [SIGINT]
2026-02-18T13:55:40: PM2 log: pid=2106 msg=process killed
2026-02-18T13:55:40: PM2 log: App [skyline-app:0] starting in -fork mode-
2026-02-18T13:55:40: PM2 log: App [skyline-app:0] online
2026-02-18T14:09:13: PM2 log: Stopping app:skyline-app id:0
2026-02-18T14:09:13: PM2 log: App [skyline-app:0] exited with code [0] via signal [SIGINT]
2026-02-18T14:09:13: PM2 log: pid=63186 msg=process killed
2026-02-18T14:09:13: PM2 log: App [skyline-app:0] starting in -fork mode-
2026-02-18T14:09:13: PM2 log: App [skyline-app:0] online
