0 verbose cli /usr/bin/node /usr/bin/npm
1 info using npm@10.8.2
2 info using node@v18.20.8
3 silly config load:file:/usr/lib/node_modules/npm/npmrc
4 silly config load:file:/home/ec2-user/.npmrc
5 silly config load:file:/usr/etc/npmrc
6 verbose title npm i express
7 verbose argv "i" "express"
8 verbose logfile logs-max:10 dir:/home/ec2-user/.npm/_logs/2026-02-18T13_45_39_844Z-
9 verbose logfile /home/ec2-user/.npm/_logs/2026-02-18T13_45_39_844Z-debug-0.log
10 silly packumentCache heap:493355008 maxSize:123338752 maxEntrySize:61669376
11 silly logfile done cleaning log files
12 silly idealTree buildDeps
13 silly fetch manifest express@*
14 silly packumentCache full:https://registry.npmjs.org/express cache-miss
15 http fetch GET 200 https://registry.npmjs.org/express 197ms (cache miss)
16 silly packumentCache full:https://registry.npmjs.org/express set size:undefined disposed:false
17 silly placeDep ROOT express@5.2.1 OK for:  want: *
18 silly fetch manifest qs@^6.14.0
19 silly packumentCache full:https://registry.npmjs.org/qs cache-miss
20 http fetch GET 200 https://registry.npmjs.org/qs 41ms (cache miss)
21 silly packumentCache full:https://registry.npmjs.org/qs set size:undefined disposed:false
22 silly fetch manifest depd@^2.0.0
23 silly packumentCache full:https://registry.npmjs.org/depd cache-miss
24 http fetch GET 200 https://registry.npmjs.org/depd 73ms (cache miss)
25 silly packumentCache full:https://registry.npmjs.org/depd set size:undefined disposed:false
26 silly fetch manifest etag@^1.8.1
27 silly packumentCache full:https://registry.npmjs.org/etag cache-miss
28 http fetch GET 200 https://registry.npmjs.org/etag 42ms (cache miss)
29 silly packumentCache full:https://registry.npmjs.org/etag set size:undefined disposed:false
30 silly fetch manifest once@^1.4.0
31 silly packumentCache full:https://registry.npmjs.org/once cache-miss
32 http fetch GET 200 https://registry.npmjs.org/once 49ms (cache miss)
33 silly packumentCache full:https://registry.npmjs.org/once set size:undefined disposed:false
34 silly fetch manifest send@^1.1.0
35 silly packumentCache full:https://registry.npmjs.org/send cache-miss
36 http fetch GET 200 https://registry.npmjs.org/send 42ms (cache miss)
37 silly packumentCache full:https://registry.npmjs.org/send set size:undefined disposed:false
38 silly fetch manifest vary@^1.1.2
39 silly packumentCache full:https://registry.npmjs.org/vary cache-miss
40 http fetch GET 200 https://registry.npmjs.org/vary 94ms (cache miss)
41 silly packumentCache full:https://registry.npmjs.org/vary set size:undefined disposed:false
42 silly fetch manifest fresh@^2.0.0
43 silly packumentCache full:https://registry.npmjs.org/fresh cache-miss
44 http fetch GET 200 https://registry.npmjs.org/fresh 42ms (cache miss)
45 silly packumentCache full:https://registry.npmjs.org/fresh set size:undefined disposed:false
46 silly fetch manifest cookie@^0.7.1
47 silly packumentCache full:https://registry.npmjs.org/cookie cache-miss
48 http fetch GET 200 https://registry.npmjs.org/cookie 31ms (cache miss)
49 silly packumentCache full:https://registry.npmjs.org/cookie set size:undefined disposed:false
50 silly fetch manifest router@^2.2.0
51 silly packumentCache full:https://registry.npmjs.org/router cache-miss
52 http fetch GET 200 https://registry.npmjs.org/router 43ms (cache miss)
53 silly packumentCache full:https://registry.npmjs.org/router set size:undefined disposed:false
54 silly fetch manifest accepts@^2.0.0
55 silly packumentCache full:https://registry.npmjs.org/accepts cache-miss
56 http fetch GET 200 https://registry.npmjs.org/accepts 33ms (cache miss)
57 silly packumentCache full:https://registry.npmjs.org/accepts set size:undefined disposed:false
58 silly fetch manifest type-is@^2.0.1
59 silly packumentCache full:https://registry.npmjs.org/type-is cache-miss
60 http fetch GET 200 https://registry.npmjs.org/type-is 38ms (cache miss)
61 silly packumentCache full:https://registry.npmjs.org/type-is set size:undefined disposed:false
62 silly fetch manifest parseurl@^1.3.3
63 silly packumentCache full:https://registry.npmjs.org/parseurl cache-miss
64 http fetch GET 200 https://registry.npmjs.org/parseurl 32ms (cache miss)
65 silly packumentCache full:https://registry.npmjs.org/parseurl set size:undefined disposed:false
66 silly fetch manifest statuses@^2.0.1
67 silly packumentCache full:https://registry.npmjs.org/statuses cache-miss
68 http fetch GET 200 https://registry.npmjs.org/statuses 31ms (cache miss)
69 silly packumentCache full:https://registry.npmjs.org/statuses set size:undefined disposed:false
70 silly fetch manifest encodeurl@^2.0.0
71 silly packumentCache full:https://registry.npmjs.org/encodeurl cache-miss
72 http fetch GET 200 https://registry.npmjs.org/encodeurl 29ms (cache miss)
73 silly packumentCache full:https://registry.npmjs.org/encodeurl set size:undefined disposed:false
74 silly fetch manifest mime-types@^3.0.0
75 silly packumentCache full:https://registry.npmjs.org/mime-types cache-miss
76 http fetch GET 200 https://registry.npmjs.org/mime-types 35ms (cache miss)
77 silly packumentCache full:https://registry.npmjs.org/mime-types set size:undefined disposed:false
78 silly fetch manifest proxy-addr@^2.0.7
79 silly packumentCache full:https://registry.npmjs.org/proxy-addr cache-miss
80 http fetch GET 200 https://registry.npmjs.org/proxy-addr 39ms (cache miss)
81 silly packumentCache full:https://registry.npmjs.org/proxy-addr set size:undefined disposed:false
82 silly fetch manifest body-parser@^2.2.1
83 silly packumentCache full:https://registry.npmjs.org/body-parser cache-miss
84 http fetch GET 200 https://registry.npmjs.org/body-parser 33ms (cache miss)
85 silly packumentCache full:https://registry.npmjs.org/body-parser set size:undefined disposed:false
86 silly fetch manifest escape-html@^1.0.3
87 silly packumentCache full:https://registry.npmjs.org/escape-html cache-miss
88 http fetch GET 200 https://registry.npmjs.org/escape-html 40ms (cache miss)
89 silly packumentCache full:https://registry.npmjs.org/escape-html set size:undefined disposed:false
90 silly fetch manifest http-errors@^2.0.0
91 silly packumentCache full:https://registry.npmjs.org/http-errors cache-miss
92 http fetch GET 200 https://registry.npmjs.org/http-errors 40ms (cache miss)
93 silly packumentCache full:https://registry.npmjs.org/http-errors set size:undefined disposed:false
94 silly fetch manifest on-finished@^2.4.1
95 silly packumentCache full:https://registry.npmjs.org/on-finished cache-miss
96 http fetch GET 200 https://registry.npmjs.org/on-finished 31ms (cache miss)
97 silly packumentCache full:https://registry.npmjs.org/on-finished set size:undefined disposed:false
98 silly fetch manifest content-type@^1.0.5
99 silly packumentCache full:https://registry.npmjs.org/content-type cache-miss
100 http fetch GET 200 https://registry.npmjs.org/content-type 39ms (cache miss)
101 silly packumentCache full:https://registry.npmjs.org/content-type set size:undefined disposed:false
102 silly fetch manifest finalhandler@^2.1.0
103 silly packumentCache full:https://registry.npmjs.org/finalhandler cache-miss
104 http fetch GET 200 https://registry.npmjs.org/finalhandler 41ms (cache miss)
105 silly packumentCache full:https://registry.npmjs.org/finalhandler set size:undefined disposed:false
106 silly fetch manifest range-parser@^1.2.1
107 silly packumentCache full:https://registry.npmjs.org/range-parser cache-miss
108 http fetch GET 200 https://registry.npmjs.org/range-parser 30ms (cache miss)
109 silly packumentCache full:https://registry.npmjs.org/range-parser set size:undefined disposed:false
110 silly fetch manifest serve-static@^2.2.0
111 silly packumentCache full:https://registry.npmjs.org/serve-static cache-miss
112 http fetch GET 200 https://registry.npmjs.org/serve-static 52ms (cache miss)
113 silly packumentCache full:https://registry.npmjs.org/serve-static set size:undefined disposed:false
114 silly fetch manifest cookie-signature@^1.2.1
115 silly packumentCache full:https://registry.npmjs.org/cookie-signature cache-miss
116 http fetch GET 200 https://registry.npmjs.org/cookie-signature 42ms (cache miss)
117 silly packumentCache full:https://registry.npmjs.org/cookie-signature set size:undefined disposed:false
118 silly fetch manifest merge-descriptors@^2.0.0
119 silly packumentCache full:https://registry.npmjs.org/merge-descriptors cache-miss
120 http fetch GET 200 https://registry.npmjs.org/merge-descriptors 31ms (cache miss)
121 silly packumentCache full:https://registry.npmjs.org/merge-descriptors set size:undefined disposed:false
122 silly fetch manifest content-disposition@^1.0.0
123 silly packumentCache full:https://registry.npmjs.org/content-disposition cache-miss
124 http fetch GET 200 https://registry.npmjs.org/content-disposition 39ms (cache miss)
125 silly packumentCache full:https://registry.npmjs.org/content-disposition set size:undefined disposed:false
126 silly placeDep ROOT accepts@2.0.0 OK for: express@5.2.1 want: ^2.0.0
127 silly placeDep ROOT body-parser@2.2.2 OK for: express@5.2.1 want: ^2.2.1
128 silly placeDep ROOT content-disposition@1.0.1 OK for: express@5.2.1 want: ^1.0.0
129 silly placeDep ROOT content-type@1.0.5 OK for: express@5.2.1 want: ^1.0.5
130 silly placeDep ROOT cookie@0.7.2 OK for: express@5.2.1 want: ^0.7.1
131 silly placeDep ROOT cookie-signature@1.2.2 OK for: express@5.2.1 want: ^1.2.1
132 silly placeDep ROOT depd@2.0.0 OK for: express@5.2.1 want: ^2.0.0
133 silly placeDep ROOT encodeurl@2.0.0 OK for: express@5.2.1 want: ^2.0.0
134 silly placeDep ROOT escape-html@1.0.3 OK for: express@5.2.1 want: ^1.0.3
135 silly placeDep ROOT etag@1.8.1 OK for: express@5.2.1 want: ^1.8.1
136 silly placeDep ROOT finalhandler@2.1.1 OK for: express@5.2.1 want: ^2.1.0
137 silly placeDep ROOT fresh@2.0.0 OK for: express@5.2.1 want: ^2.0.0
138 silly placeDep ROOT http-errors@2.0.1 OK for: express@5.2.1 want: ^2.0.0
139 silly placeDep ROOT merge-descriptors@2.0.0 OK for: express@5.2.1 want: ^2.0.0
140 silly placeDep ROOT mime-types@3.0.2 OK for: express@5.2.1 want: ^3.0.0
141 silly placeDep ROOT on-finished@2.4.1 OK for: express@5.2.1 want: ^2.4.1
142 silly placeDep ROOT once@1.4.0 OK for: express@5.2.1 want: ^1.4.0
143 silly placeDep ROOT parseurl@1.3.3 OK for: express@5.2.1 want: ^1.3.3
144 silly placeDep ROOT proxy-addr@2.0.7 OK for: express@5.2.1 want: ^2.0.7
145 silly placeDep ROOT qs@6.15.0 OK for: express@5.2.1 want: ^6.14.0
146 silly placeDep ROOT range-parser@1.2.1 OK for: express@5.2.1 want: ^1.2.1
147 silly placeDep ROOT router@2.2.0 OK for: express@5.2.1 want: ^2.2.0
148 silly placeDep ROOT send@1.2.1 OK for: express@5.2.1 want: ^1.1.0
149 silly placeDep ROOT serve-static@2.2.1 OK for: express@5.2.1 want: ^2.2.0
150 silly placeDep ROOT statuses@2.0.2 OK for: express@5.2.1 want: ^2.0.1
151 silly placeDep ROOT type-is@2.0.1 OK for: express@5.2.1 want: ^2.0.1
152 silly placeDep ROOT vary@1.1.2 OK for: express@5.2.1 want: ^1.1.2
153 silly fetch manifest negotiator@^1.0.0
154 silly packumentCache full:https://registry.npmjs.org/negotiator cache-miss
155 http fetch GET 200 https://registry.npmjs.org/negotiator 68ms (cache miss)
156 silly packumentCache full:https://registry.npmjs.org/negotiator set size:undefined disposed:false
157 silly fetch manifest bytes@^3.1.2
158 silly packumentCache full:https://registry.npmjs.org/bytes cache-miss
159 http fetch GET 200 https://registry.npmjs.org/bytes 34ms (cache miss)
160 silly packumentCache full:https://registry.npmjs.org/bytes set size:undefined disposed:false
161 silly fetch manifest iconv-lite@^0.7.0
162 silly packumentCache full:https://registry.npmjs.org/iconv-lite cache-miss
163 http fetch GET 200 https://registry.npmjs.org/iconv-lite 36ms (cache miss)
164 silly packumentCache full:https://registry.npmjs.org/iconv-lite set size:undefined disposed:false
165 silly fetch manifest qs@^6.14.1
166 silly packumentCache full:https://registry.npmjs.org/qs cache-miss
167 http fetch GET 200 https://registry.npmjs.org/qs 17ms (cache hit)
168 silly packumentCache full:https://registry.npmjs.org/qs set size:350258 disposed:false
169 silly fetch manifest raw-body@^3.0.1
170 silly packumentCache full:https://registry.npmjs.org/raw-body cache-miss
171 http fetch GET 200 https://registry.npmjs.org/raw-body 35ms (cache miss)
172 silly packumentCache full:https://registry.npmjs.org/raw-body set size:undefined disposed:false
173 silly fetch manifest inherits@~2.0.4
174 silly packumentCache full:https://registry.npmjs.org/inherits cache-miss
175 http fetch GET 200 https://registry.npmjs.org/inherits 54ms (cache miss)
176 silly packumentCache full:https://registry.npmjs.org/inherits set size:undefined disposed:false
177 silly fetch manifest setprototypeof@~1.2.0
178 silly packumentCache full:https://registry.npmjs.org/setprototypeof cache-miss
179 http fetch GET 200 https://registry.npmjs.org/setprototypeof 35ms (cache miss)
180 silly packumentCache full:https://registry.npmjs.org/setprototypeof set size:undefined disposed:false
181 silly fetch manifest statuses@~2.0.2
182 silly packumentCache full:https://registry.npmjs.org/statuses cache-miss
183 http fetch GET 200 https://registry.npmjs.org/statuses 3ms (cache hit)
184 silly packumentCache full:https://registry.npmjs.org/statuses set size:37117 disposed:false
185 silly fetch manifest toidentifier@~1.0.1
186 silly packumentCache full:https://registry.npmjs.org/toidentifier cache-miss
187 http fetch GET 200 https://registry.npmjs.org/toidentifier 38ms (cache miss)
188 silly packumentCache full:https://registry.npmjs.org/toidentifier set size:undefined disposed:false
189 silly fetch manifest mime-db@^1.54.0
190 silly packumentCache full:https://registry.npmjs.org/mime-db cache-miss
191 http fetch GET 200 https://registry.npmjs.org/mime-db 34ms (cache miss)
192 silly packumentCache full:https://registry.npmjs.org/mime-db set size:undefined disposed:false
193 silly fetch manifest ee-first@1.1.1
194 silly packumentCache full:https://registry.npmjs.org/ee-first cache-miss
195 http fetch GET 200 https://registry.npmjs.org/ee-first 380ms (cache miss)
196 silly packumentCache full:https://registry.npmjs.org/ee-first set size:undefined disposed:false
197 silly fetch manifest wrappy@1
198 silly packumentCache full:https://registry.npmjs.org/wrappy cache-miss
199 http fetch GET 200 https://registry.npmjs.org/wrappy 38ms (cache miss)
200 silly packumentCache full:https://registry.npmjs.org/wrappy set size:undefined disposed:false
201 silly fetch manifest forwarded@0.2.0
202 silly packumentCache full:https://registry.npmjs.org/forwarded cache-miss
203 http fetch GET 200 https://registry.npmjs.org/forwarded 45ms (cache miss)
204 silly packumentCache full:https://registry.npmjs.org/forwarded set size:undefined disposed:false
205 silly fetch manifest ipaddr.js@1.9.1
206 silly packumentCache full:https://registry.npmjs.org/ipaddr.js cache-miss
207 http fetch GET 200 https://registry.npmjs.org/ipaddr.js 38ms (cache miss)
208 silly packumentCache full:https://registry.npmjs.org/ipaddr.js set size:undefined disposed:false
209 silly fetch manifest side-channel@^1.1.0
210 silly packumentCache full:https://registry.npmjs.org/side-channel cache-miss
211 http fetch GET 200 https://registry.npmjs.org/side-channel 59ms (cache miss)
212 silly packumentCache full:https://registry.npmjs.org/side-channel set size:undefined disposed:false
213 silly fetch manifest is-promise@^4.0.0
214 silly packumentCache full:https://registry.npmjs.org/is-promise cache-miss
215 http fetch GET 200 https://registry.npmjs.org/is-promise 29ms (cache miss)
216 silly packumentCache full:https://registry.npmjs.org/is-promise set size:undefined disposed:false
217 silly fetch manifest path-to-regexp@^8.0.0
218 silly packumentCache full:https://registry.npmjs.org/path-to-regexp cache-miss
219 http fetch GET 200 https://registry.npmjs.org/path-to-regexp 34ms (cache miss)
220 silly packumentCache full:https://registry.npmjs.org/path-to-regexp set size:undefined disposed:false
221 silly fetch manifest statuses@^2.0.2
222 silly packumentCache full:https://registry.npmjs.org/statuses cache-hit
223 silly fetch manifest media-typer@^1.1.0
224 silly packumentCache full:https://registry.npmjs.org/media-typer cache-miss
225 http fetch GET 200 https://registry.npmjs.org/media-typer 37ms (cache miss)
226 silly packumentCache full:https://registry.npmjs.org/media-typer set size:undefined disposed:false
227 silly placeDep ROOT negotiator@1.0.0 OK for: accepts@2.0.0 want: ^1.0.0
228 silly placeDep ROOT bytes@3.1.2 OK for: body-parser@2.2.2 want: ^3.1.2
229 silly placeDep ROOT iconv-lite@0.7.2 OK for: body-parser@2.2.2 want: ^0.7.0
230 silly placeDep ROOT raw-body@3.0.2 OK for: body-parser@2.2.2 want: ^3.0.1
231 silly fetch manifest safer-buffer@>= 2.1.2 < 3.0.0
232 silly packumentCache full:https://registry.npmjs.org/safer-buffer cache-miss
233 http fetch GET 200 https://registry.npmjs.org/safer-buffer 48ms (cache miss)
234 silly packumentCache full:https://registry.npmjs.org/safer-buffer set size:undefined disposed:false
235 silly fetch manifest unpipe@~1.0.0
236 silly packumentCache full:https://registry.npmjs.org/unpipe cache-miss
237 http fetch GET 200 https://registry.npmjs.org/unpipe 36ms (cache miss)
238 silly packumentCache full:https://registry.npmjs.org/unpipe set size:undefined disposed:false
239 silly placeDep ROOT inherits@2.0.4 OK for: http-errors@2.0.1 want: ~2.0.4
240 silly placeDep ROOT setprototypeof@1.2.0 OK for: http-errors@2.0.1 want: ~1.2.0
241 silly placeDep ROOT toidentifier@1.0.1 OK for: http-errors@2.0.1 want: ~1.0.1
242 silly placeDep ROOT safer-buffer@2.1.2 OK for: iconv-lite@0.7.2 want: >= 2.1.2 < 3.0.0
243 silly placeDep ROOT mime-db@1.54.0 OK for: mime-types@3.0.2 want: ^1.54.0
244 silly placeDep ROOT ee-first@1.1.1 OK for: on-finished@2.4.1 want: 1.1.1
245 silly placeDep ROOT wrappy@1.0.2 OK for: once@1.4.0 want: 1
246 silly placeDep ROOT forwarded@0.2.0 OK for: proxy-addr@2.0.7 want: 0.2.0
247 silly placeDep ROOT ipaddr.js@1.9.1 OK for: proxy-addr@2.0.7 want: 1.9.1
248 silly placeDep ROOT side-channel@1.1.0 OK for: qs@6.15.0 want: ^1.1.0
249 silly fetch manifest es-errors@^1.3.0
250 silly packumentCache full:https://registry.npmjs.org/es-errors cache-miss
251 http fetch GET 200 https://registry.npmjs.org/es-errors 27ms (cache miss)
252 silly packumentCache full:https://registry.npmjs.org/es-errors set size:undefined disposed:false
253 silly fetch manifest object-inspect@^1.13.3
254 silly packumentCache full:https://registry.npmjs.org/object-inspect cache-miss
255 http fetch GET 200 https://registry.npmjs.org/object-inspect 51ms (cache miss)
256 silly packumentCache full:https://registry.npmjs.org/object-inspect set size:undefined disposed:false
257 silly fetch manifest side-channel-list@^1.0.0
258 silly packumentCache full:https://registry.npmjs.org/side-channel-list cache-miss
259 http fetch GET 200 https://registry.npmjs.org/side-channel-list 31ms (cache miss)
260 silly packumentCache full:https://registry.npmjs.org/side-channel-list set size:undefined disposed:false
261 silly fetch manifest side-channel-map@^1.0.1
262 silly packumentCache full:https://registry.npmjs.org/side-channel-map cache-miss
263 http fetch GET 200 https://registry.npmjs.org/side-channel-map 30ms (cache miss)
264 silly packumentCache full:https://registry.npmjs.org/side-channel-map set size:undefined disposed:false
265 silly fetch manifest side-channel-weakmap@^1.0.2
266 silly packumentCache full:https://registry.npmjs.org/side-channel-weakmap cache-miss
267 http fetch GET 200 https://registry.npmjs.org/side-channel-weakmap 32ms (cache miss)
268 silly packumentCache full:https://registry.npmjs.org/side-channel-weakmap set size:undefined disposed:false
269 silly placeDep ROOT unpipe@1.0.0 OK for: raw-body@3.0.2 want: ~1.0.0
270 silly placeDep ROOT is-promise@4.0.0 OK for: router@2.2.0 want: ^4.0.0
271 silly placeDep ROOT path-to-regexp@8.3.0 OK for: router@2.2.0 want: ^8.0.0
272 silly placeDep ROOT es-errors@1.3.0 OK for: side-channel@1.1.0 want: ^1.3.0
273 silly placeDep ROOT object-inspect@1.13.4 OK for: side-channel@1.1.0 want: ^1.13.3
274 silly placeDep ROOT side-channel-list@1.0.0 OK for: side-channel@1.1.0 want: ^1.0.0
275 silly placeDep ROOT side-channel-map@1.0.1 OK for: side-channel@1.1.0 want: ^1.0.1
276 silly placeDep ROOT side-channel-weakmap@1.0.2 OK for: side-channel@1.1.0 want: ^1.0.2
277 silly fetch manifest call-bound@^1.0.2
278 silly packumentCache full:https://registry.npmjs.org/call-bound cache-miss
279 http fetch GET 200 https://registry.npmjs.org/call-bound 30ms (cache miss)
280 silly packumentCache full:https://registry.npmjs.org/call-bound set size:undefined disposed:false
281 silly fetch manifest get-intrinsic@^1.2.5
282 silly packumentCache full:https://registry.npmjs.org/get-intrinsic cache-miss
283 http fetch GET 200 https://registry.npmjs.org/get-intrinsic 28ms (cache miss)
284 silly packumentCache full:https://registry.npmjs.org/get-intrinsic set size:undefined disposed:false
285 silly placeDep ROOT call-bound@1.0.4 OK for: side-channel-map@1.0.1 want: ^1.0.2
286 silly placeDep ROOT get-intrinsic@1.3.0 OK for: side-channel-map@1.0.1 want: ^1.2.5
287 silly fetch manifest call-bind-apply-helpers@^1.0.2
288 silly packumentCache full:https://registry.npmjs.org/call-bind-apply-helpers cache-miss
289 http fetch GET 200 https://registry.npmjs.org/call-bind-apply-helpers 55ms (cache miss)
290 silly packumentCache full:https://registry.npmjs.org/call-bind-apply-helpers set size:undefined disposed:false
291 silly fetch manifest get-intrinsic@^1.3.0
292 silly packumentCache full:https://registry.npmjs.org/get-intrinsic cache-miss
293 http fetch GET 200 https://registry.npmjs.org/get-intrinsic 7ms (cache hit)
294 silly packumentCache full:https://registry.npmjs.org/get-intrinsic set size:60985 disposed:false
295 silly fetch manifest gopd@^1.2.0
296 silly packumentCache full:https://registry.npmjs.org/gopd cache-miss
297 http fetch GET 200 https://registry.npmjs.org/gopd 37ms (cache miss)
298 silly packumentCache full:https://registry.npmjs.org/gopd set size:undefined disposed:false
299 silly fetch manifest hasown@^2.0.2
300 silly packumentCache full:https://registry.npmjs.org/hasown cache-miss
301 http fetch GET 200 https://registry.npmjs.org/hasown 79ms (cache miss)
302 silly packumentCache full:https://registry.npmjs.org/hasown set size:undefined disposed:false
303 silly fetch manifest get-proto@^1.0.1
304 silly packumentCache full:https://registry.npmjs.org/get-proto cache-miss
305 http fetch GET 200 https://registry.npmjs.org/get-proto 28ms (cache miss)
306 silly packumentCache full:https://registry.npmjs.org/get-proto set size:undefined disposed:false
307 silly fetch manifest has-symbols@^1.1.0
308 silly packumentCache full:https://registry.npmjs.org/has-symbols cache-miss
309 http fetch GET 200 https://registry.npmjs.org/has-symbols 29ms (cache miss)
310 silly packumentCache full:https://registry.npmjs.org/has-symbols set size:undefined disposed:false
311 silly fetch manifest function-bind@^1.1.2
312 silly packumentCache full:https://registry.npmjs.org/function-bind cache-miss
313 http fetch GET 200 https://registry.npmjs.org/function-bind 32ms (cache miss)
314 silly packumentCache full:https://registry.npmjs.org/function-bind set size:undefined disposed:false
315 silly fetch manifest es-object-atoms@^1.1.1
316 silly packumentCache full:https://registry.npmjs.org/es-object-atoms cache-miss
317 http fetch GET 200 https://registry.npmjs.org/es-object-atoms 27ms (cache miss)
318 silly packumentCache full:https://registry.npmjs.org/es-object-atoms set size:undefined disposed:false
319 silly fetch manifest math-intrinsics@^1.1.0
320 silly packumentCache full:https://registry.npmjs.org/math-intrinsics cache-miss
321 http fetch GET 200 https://registry.npmjs.org/math-intrinsics 31ms (cache miss)
322 silly packumentCache full:https://registry.npmjs.org/math-intrinsics set size:undefined disposed:false
323 silly fetch manifest es-define-property@^1.0.1
324 silly packumentCache full:https://registry.npmjs.org/es-define-property cache-miss
325 http fetch GET 200 https://registry.npmjs.org/es-define-property 27ms (cache miss)
326 silly packumentCache full:https://registry.npmjs.org/es-define-property set size:undefined disposed:false
327 silly placeDep ROOT call-bind-apply-helpers@1.0.2 OK for: call-bound@1.0.4 want: ^1.0.2
328 silly placeDep ROOT function-bind@1.1.2 OK for: call-bind-apply-helpers@1.0.2 want: ^1.1.2
329 silly placeDep ROOT es-define-property@1.0.1 OK for: get-intrinsic@1.3.0 want: ^1.0.1
330 silly placeDep ROOT es-object-atoms@1.1.1 OK for: get-intrinsic@1.3.0 want: ^1.1.1
331 silly placeDep ROOT get-proto@1.0.1 OK for: get-intrinsic@1.3.0 want: ^1.0.1
332 silly placeDep ROOT gopd@1.2.0 OK for: get-intrinsic@1.3.0 want: ^1.2.0
333 silly placeDep ROOT has-symbols@1.1.0 OK for: get-intrinsic@1.3.0 want: ^1.1.0
334 silly placeDep ROOT hasown@2.0.2 OK for: get-intrinsic@1.3.0 want: ^2.0.2
335 silly placeDep ROOT math-intrinsics@1.1.0 OK for: get-intrinsic@1.3.0 want: ^1.1.0
336 silly fetch manifest dunder-proto@^1.0.1
337 silly packumentCache full:https://registry.npmjs.org/dunder-proto cache-miss
338 http fetch GET 200 https://registry.npmjs.org/dunder-proto 28ms (cache miss)
339 silly packumentCache full:https://registry.npmjs.org/dunder-proto set size:undefined disposed:false
340 silly placeDep ROOT dunder-proto@1.0.1 OK for: get-proto@1.0.1 want: ^1.0.1
341 silly placeDep ROOT media-typer@1.1.0 OK for: type-is@2.0.1 want: ^1.1.0
342 silly reify moves {}
343 silly audit bulk request {
343 silly audit   '@mongodb-js/saslprep': [ '1.4.6' ],
343 silly audit   '@types/webidl-conversions': [ '7.0.3' ],
343 silly audit   '@types/whatwg-url': [ '11.0.5' ],
343 silly audit   bson: [ '6.10.4' ],
343 silly audit   debug: [ '4.4.3' ],
343 silly audit   kareem: [ '2.6.3' ],
343 silly audit   'memory-pager': [ '1.5.0' ],
343 silly audit   mongodb: [ '6.20.0' ],
343 silly audit   'mongodb-connection-string-url': [ '3.0.2' ],
343 silly audit   mongoose: [ '8.23.0' ],
343 silly audit   mpath: [ '0.9.0' ],
343 silly audit   mquery: [ '5.0.0' ],
343 silly audit   ms: [ '2.1.3' ],
343 silly audit   punycode: [ '2.3.1' ],
343 silly audit   sift: [ '17.1.3' ],
343 silly audit   'sparse-bitfield': [ '3.0.3' ],
343 silly audit   tr46: [ '5.1.1' ],
343 silly audit   'webidl-conversions': [ '7.0.0' ],
343 silly audit   'whatwg-url': [ '14.2.0' ],
343 silly audit   express: [ '5.2.1' ],
343 silly audit   accepts: [ '2.0.0' ],
343 silly audit   'body-parser': [ '2.2.2' ],
343 silly audit   'content-disposition': [ '1.0.1' ],
343 silly audit   'content-type': [ '1.0.5' ],
343 silly audit   cookie: [ '0.7.2' ],
343 silly audit   'cookie-signature': [ '1.2.2' ],
343 silly audit   depd: [ '2.0.0' ],
343 silly audit   encodeurl: [ '2.0.0' ],
343 silly audit   'escape-html': [ '1.0.3' ],
343 silly audit   etag: [ '1.8.1' ],
343 silly audit   finalhandler: [ '2.1.1' ],
343 silly audit   fresh: [ '2.0.0' ],
343 silly audit   'http-errors': [ '2.0.1' ],
343 silly audit   'merge-descriptors': [ '2.0.0' ],
343 silly audit   'mime-types': [ '3.0.2' ],
343 silly audit   'on-finished': [ '2.4.1' ],
343 silly audit   once: [ '1.4.0' ],
343 silly audit   parseurl: [ '1.3.3' ],
343 silly audit   'proxy-addr': [ '2.0.7' ],
343 silly audit   qs: [ '6.15.0' ],
343 silly audit   'range-parser': [ '1.2.1' ],
343 silly audit   router: [ '2.2.0' ],
343 silly audit   send: [ '1.2.1' ],
343 silly audit   'serve-static': [ '2.2.1' ],
343 silly audit   statuses: [ '2.0.2' ],
343 silly audit   'type-is': [ '2.0.1' ],
343 silly audit   vary: [ '1.1.2' ],
343 silly audit   negotiator: [ '1.0.0' ],
343 silly audit   bytes: [ '3.1.2' ],
343 silly audit   'iconv-lite': [ '0.7.2' ],
343 silly audit   'raw-body': [ '3.0.2' ],
343 silly audit   inherits: [ '2.0.4' ],
343 silly audit   setprototypeof: [ '1.2.0' ],
343 silly audit   toidentifier: [ '1.0.1' ],
343 silly audit   'safer-buffer': [ '2.1.2' ],
343 silly audit   'mime-db': [ '1.54.0' ],
343 silly audit   'ee-first': [ '1.1.1' ],
343 silly audit   wrappy: [ '1.0.2' ],
343 silly audit   forwarded: [ '0.2.0' ],
343 silly audit   'ipaddr.js': [ '1.9.1' ],
343 silly audit   'side-channel': [ '1.1.0' ],
343 silly audit   unpipe: [ '1.0.0' ],
343 silly audit   'is-promise': [ '4.0.0' ],
343 silly audit   'path-to-regexp': [ '8.3.0' ],
343 silly audit   'es-errors': [ '1.3.0' ],
343 silly audit   'object-inspect': [ '1.13.4' ],
343 silly audit   'side-channel-list': [ '1.0.0' ],
343 silly audit   'side-channel-map': [ '1.0.1' ],
343 silly audit   'side-channel-weakmap': [ '1.0.2' ],
343 silly audit   'call-bound': [ '1.0.4' ],
343 silly audit   'get-intrinsic': [ '1.3.0' ],
343 silly audit   'call-bind-apply-helpers': [ '1.0.2' ],
343 silly audit   'function-bind': [ '1.1.2' ],
343 silly audit   'es-define-property': [ '1.0.1' ],
343 silly audit   'es-object-atoms': [ '1.1.1' ],
343 silly audit   'get-proto': [ '1.0.1' ],
343 silly audit   gopd: [ '1.2.0' ],
343 silly audit   'has-symbols': [ '1.1.0' ],
343 silly audit   hasown: [ '2.0.2' ],
343 silly audit   'math-intrinsics': [ '1.1.0' ],
343 silly audit   'dunder-proto': [ '1.0.1' ],
343 silly audit   'media-typer': [ '1.1.0' ]
343 silly audit }
344 silly tarball no local data for media-typer@https://registry.npmjs.org/media-typer/-/media-typer-1.1.0.tgz. Extracting by manifest.
345 silly tarball no local data for dunder-proto@https://registry.npmjs.org/dunder-proto/-/dunder-proto-1.0.1.tgz. Extracting by manifest.
346 silly tarball no local data for math-intrinsics@https://registry.npmjs.org/math-intrinsics/-/math-intrinsics-1.1.0.tgz. Extracting by manifest.
347 silly tarball no local data for hasown@https://registry.npmjs.org/hasown/-/hasown-2.0.2.tgz. Extracting by manifest.
348 silly tarball no local data for has-symbols@https://registry.npmjs.org/has-symbols/-/has-symbols-1.1.0.tgz. Extracting by manifest.
349 silly tarball no local data for gopd@https://registry.npmjs.org/gopd/-/gopd-1.2.0.tgz. Extracting by manifest.
350 silly tarball no local data for get-proto@https://registry.npmjs.org/get-proto/-/get-proto-1.0.1.tgz. Extracting by manifest.
351 silly tarball no local data for es-object-atoms@https://registry.npmjs.org/es-object-atoms/-/es-object-atoms-1.1.1.tgz. Extracting by manifest.
352 silly tarball no local data for es-define-property@https://registry.npmjs.org/es-define-property/-/es-define-property-1.0.1.tgz. Extracting by manifest.
353 silly tarball no local data for function-bind@https://registry.npmjs.org/function-bind/-/function-bind-1.1.2.tgz. Extracting by manifest.
354 silly tarball no local data for call-bind-apply-helpers@https://registry.npmjs.org/call-bind-apply-helpers/-/call-bind-apply-helpers-1.0.2.tgz. Extracting by manifest.
355 silly tarball no local data for get-intrinsic@https://registry.npmjs.org/get-intrinsic/-/get-intrinsic-1.3.0.tgz. Extracting by manifest.
356 silly tarball no local data for call-bound@https://registry.npmjs.org/call-bound/-/call-bound-1.0.4.tgz. Extracting by manifest.
357 silly tarball no local data for side-channel-weakmap@https://registry.npmjs.org/side-channel-weakmap/-/side-channel-weakmap-1.0.2.tgz. Extracting by manifest.
358 silly tarball no local data for side-channel-map@https://registry.npmjs.org/side-channel-map/-/side-channel-map-1.0.1.tgz. Extracting by manifest.
359 silly tarball no local data for side-channel-list@https://registry.npmjs.org/side-channel-list/-/side-channel-list-1.0.0.tgz. Extracting by manifest.
360 silly tarball no local data for object-inspect@https://registry.npmjs.org/object-inspect/-/object-inspect-1.13.4.tgz. Extracting by manifest.
361 silly tarball no local data for es-errors@https://registry.npmjs.org/es-errors/-/es-errors-1.3.0.tgz. Extracting by manifest.
362 silly tarball no local data for path-to-regexp@https://registry.npmjs.org/path-to-regexp/-/path-to-regexp-8.3.0.tgz. Extracting by manifest.
363 silly tarball no local data for is-promise@https://registry.npmjs.org/is-promise/-/is-promise-4.0.0.tgz. Extracting by manifest.
364 silly tarball no local data for unpipe@https://registry.npmjs.org/unpipe/-/unpipe-1.0.0.tgz. Extracting by manifest.
365 silly tarball no local data for side-channel@https://registry.npmjs.org/side-channel/-/side-channel-1.1.0.tgz. Extracting by manifest.
366 silly tarball no local data for ipaddr.js@https://registry.npmjs.org/ipaddr.js/-/ipaddr.js-1.9.1.tgz. Extracting by manifest.
367 silly tarball no local data for forwarded@https://registry.npmjs.org/forwarded/-/forwarded-0.2.0.tgz. Extracting by manifest.
368 silly tarball no local data for wrappy@https://registry.npmjs.org/wrappy/-/wrappy-1.0.2.tgz. Extracting by manifest.
369 silly tarball no local data for ee-first@https://registry.npmjs.org/ee-first/-/ee-first-1.1.1.tgz. Extracting by manifest.
370 silly tarball no local data for mime-db@https://registry.npmjs.org/mime-db/-/mime-db-1.54.0.tgz. Extracting by manifest.
371 silly tarball no local data for safer-buffer@https://registry.npmjs.org/safer-buffer/-/safer-buffer-2.1.2.tgz. Extracting by manifest.
372 silly tarball no local data for toidentifier@https://registry.npmjs.org/toidentifier/-/toidentifier-1.0.1.tgz. Extracting by manifest.
373 silly tarball no local data for setprototypeof@https://registry.npmjs.org/setprototypeof/-/setprototypeof-1.2.0.tgz. Extracting by manifest.
374 silly tarball no local data for inherits@https://registry.npmjs.org/inherits/-/inherits-2.0.4.tgz. Extracting by manifest.
375 silly tarball no local data for raw-body@https://registry.npmjs.org/raw-body/-/raw-body-3.0.2.tgz. Extracting by manifest.
376 silly tarball no local data for iconv-lite@https://registry.npmjs.org/iconv-lite/-/iconv-lite-0.7.2.tgz. Extracting by manifest.
377 silly tarball no local data for bytes@https://registry.npmjs.org/bytes/-/bytes-3.1.2.tgz. Extracting by manifest.
378 silly tarball no local data for negotiator@https://registry.npmjs.org/negotiator/-/negotiator-1.0.0.tgz. Extracting by manifest.
379 silly tarball no local data for vary@https://registry.npmjs.org/vary/-/vary-1.1.2.tgz. Extracting by manifest.
380 silly tarball no local data for type-is@https://registry.npmjs.org/type-is/-/type-is-2.0.1.tgz. Extracting by manifest.
381 silly tarball no local data for statuses@https://registry.npmjs.org/statuses/-/statuses-2.0.2.tgz. Extracting by manifest.
382 silly tarball no local data for serve-static@https://registry.npmjs.org/serve-static/-/serve-static-2.2.1.tgz. Extracting by manifest.
383 silly tarball no local data for send@https://registry.npmjs.org/send/-/send-1.2.1.tgz. Extracting by manifest.
384 silly tarball no local data for router@https://registry.npmjs.org/router/-/router-2.2.0.tgz. Extracting by manifest.
385 silly tarball no local data for range-parser@https://registry.npmjs.org/range-parser/-/range-parser-1.2.1.tgz. Extracting by manifest.
386 silly tarball no local data for qs@https://registry.npmjs.org/qs/-/qs-6.15.0.tgz. Extracting by manifest.
387 silly tarball no local data for proxy-addr@https://registry.npmjs.org/proxy-addr/-/proxy-addr-2.0.7.tgz. Extracting by manifest.
388 silly tarball no local data for parseurl@https://registry.npmjs.org/parseurl/-/parseurl-1.3.3.tgz. Extracting by manifest.
389 silly tarball no local data for once@https://registry.npmjs.org/once/-/once-1.4.0.tgz. Extracting by manifest.
390 silly tarball no local data for on-finished@https://registry.npmjs.org/on-finished/-/on-finished-2.4.1.tgz. Extracting by manifest.
391 silly tarball no local data for mime-types@https://registry.npmjs.org/mime-types/-/mime-types-3.0.2.tgz. Extracting by manifest.
392 silly tarball no local data for merge-descriptors@https://registry.npmjs.org/merge-descriptors/-/merge-descriptors-2.0.0.tgz. Extracting by manifest.
393 silly tarball no local data for http-errors@https://registry.npmjs.org/http-errors/-/http-errors-2.0.1.tgz. Extracting by manifest.
394 silly tarball no local data for fresh@https://registry.npmjs.org/fresh/-/fresh-2.0.0.tgz. Extracting by manifest.
395 silly tarball no local data for finalhandler@https://registry.npmjs.org/finalhandler/-/finalhandler-2.1.1.tgz. Extracting by manifest.
396 silly tarball no local data for etag@https://registry.npmjs.org/etag/-/etag-1.8.1.tgz. Extracting by manifest.
397 silly tarball no local data for escape-html@https://registry.npmjs.org/escape-html/-/escape-html-1.0.3.tgz. Extracting by manifest.
398 silly tarball no local data for encodeurl@https://registry.npmjs.org/encodeurl/-/encodeurl-2.0.0.tgz. Extracting by manifest.
399 silly tarball no local data for depd@https://registry.npmjs.org/depd/-/depd-2.0.0.tgz. Extracting by manifest.
400 silly tarball no local data for cookie-signature@https://registry.npmjs.org/cookie-signature/-/cookie-signature-1.2.2.tgz. Extracting by manifest.
401 silly tarball no local data for cookie@https://registry.npmjs.org/cookie/-/cookie-0.7.2.tgz. Extracting by manifest.
402 silly tarball no local data for content-type@https://registry.npmjs.org/content-type/-/content-type-1.0.5.tgz. Extracting by manifest.
403 silly tarball no local data for content-disposition@https://registry.npmjs.org/content-disposition/-/content-disposition-1.0.1.tgz. Extracting by manifest.
404 silly tarball no local data for body-parser@https://registry.npmjs.org/body-parser/-/body-parser-2.2.2.tgz. Extracting by manifest.
405 silly tarball no local data for accepts@https://registry.npmjs.org/accepts/-/accepts-2.0.0.tgz. Extracting by manifest.
406 silly tarball no local data for express@https://registry.npmjs.org/express/-/express-5.2.1.tgz. Extracting by manifest.
407 http fetch POST 200 https://registry.npmjs.org/-/npm/v1/security/advisories/bulk 466ms
408 silly audit report {}
409 http fetch GET 200 https://registry.npmjs.org/side-channel-map/-/side-channel-map-1.0.1.tgz 1020ms (cache miss)
410 http fetch GET 200 https://registry.npmjs.org/side-channel-list/-/side-channel-list-1.0.0.tgz 1043ms (cache miss)
411 http fetch GET 200 https://registry.npmjs.org/is-promise/-/is-promise-4.0.0.tgz 1051ms (cache miss)
412 http fetch GET 200 https://registry.npmjs.org/unpipe/-/unpipe-1.0.0.tgz 1046ms (cache miss)
413 http fetch GET 200 https://registry.npmjs.org/hasown/-/hasown-2.0.2.tgz 1090ms (cache miss)
414 http fetch GET 200 https://registry.npmjs.org/media-typer/-/media-typer-1.1.0.tgz 1095ms (cache miss)
415 http fetch GET 200 https://registry.npmjs.org/get-proto/-/get-proto-1.0.1.tgz 1087ms (cache miss)
416 http fetch GET 200 https://registry.npmjs.org/setprototypeof/-/setprototypeof-1.2.0.tgz 1040ms (cache miss)
417 http fetch GET 200 https://registry.npmjs.org/wrappy/-/wrappy-1.0.2.tgz 1056ms (cache miss)
418 http fetch GET 200 https://registry.npmjs.org/side-channel-weakmap/-/side-channel-weakmap-1.0.2.tgz 1076ms (cache miss)
419 http fetch GET 200 https://registry.npmjs.org/ee-first/-/ee-first-1.1.1.tgz 1063ms (cache miss)
420 http fetch GET 200 https://registry.npmjs.org/forwarded/-/forwarded-0.2.0.tgz 1067ms (cache miss)
421 http fetch GET 200 https://registry.npmjs.org/inherits/-/inherits-2.0.4.tgz 1065ms (cache miss)
422 http fetch GET 200 https://registry.npmjs.org/toidentifier/-/toidentifier-1.0.1.tgz 1070ms (cache miss)
423 http fetch GET 200 https://registry.npmjs.org/range-parser/-/range-parser-1.2.1.tgz 1001ms (cache miss)
424 http fetch GET 200 https://registry.npmjs.org/merge-descriptors/-/merge-descriptors-2.0.0.tgz 992ms (cache miss)
425 http fetch GET 200 https://registry.npmjs.org/es-define-property/-/es-define-property-1.0.1.tgz 1131ms (cache miss)
426 http fetch GET 200 https://registry.npmjs.org/once/-/once-1.4.0.tgz 1012ms (cache miss)
427 http fetch GET 200 https://registry.npmjs.org/parseurl/-/parseurl-1.3.3.tgz 1015ms (cache miss)
428 http fetch GET 200 https://registry.npmjs.org/encodeurl/-/encodeurl-2.0.0.tgz 990ms (cache miss)
429 http fetch GET 200 https://registry.npmjs.org/cookie-signature/-/cookie-signature-1.2.2.tgz 988ms (cache miss)
430 http fetch GET 200 https://registry.npmjs.org/cookie/-/cookie-0.7.2.tgz 987ms (cache miss)
431 http fetch GET 200 https://registry.npmjs.org/vary/-/vary-1.1.2.tgz 1051ms (cache miss)
432 http fetch GET 200 https://registry.npmjs.org/statuses/-/statuses-2.0.2.tgz 1038ms (cache miss)
433 http fetch GET 200 https://registry.npmjs.org/fresh/-/fresh-2.0.0.tgz 1013ms (cache miss)
434 http fetch GET 200 https://registry.npmjs.org/on-finished/-/on-finished-2.4.1.tgz 1028ms (cache miss)
435 http fetch GET 200 https://registry.npmjs.org/etag/-/etag-1.8.1.tgz 1009ms (cache miss)
436 http fetch GET 200 https://registry.npmjs.org/escape-html/-/escape-html-1.0.3.tgz 1008ms (cache miss)
437 http fetch GET 200 https://registry.npmjs.org/bytes/-/bytes-3.1.2.tgz 1104ms (cache miss)
438 http fetch GET 200 https://registry.npmjs.org/serve-static/-/serve-static-2.2.1.tgz 1045ms (cache miss)
439 http fetch GET 200 https://registry.npmjs.org/content-type/-/content-type-1.0.5.tgz 1009ms (cache miss)
440 http fetch GET 200 https://registry.npmjs.org/accepts/-/accepts-2.0.0.tgz 1006ms (cache miss)
441 http fetch GET 200 https://registry.npmjs.org/raw-body/-/raw-body-3.0.2.tgz 1113ms (cache miss)
442 http fetch GET 200 https://registry.npmjs.org/http-errors/-/http-errors-2.0.1.tgz 1027ms (cache miss)
443 http fetch GET 200 https://registry.npmjs.org/dunder-proto/-/dunder-proto-1.0.1.tgz 1175ms (cache miss)
444 http fetch GET 200 https://registry.npmjs.org/gopd/-/gopd-1.2.0.tgz 1169ms (cache miss)
445 http fetch GET 200 https://registry.npmjs.org/es-object-atoms/-/es-object-atoms-1.1.1.tgz 1168ms (cache miss)
446 http fetch GET 200 https://registry.npmjs.org/safer-buffer/-/safer-buffer-2.1.2.tgz 1127ms (cache miss)
447 http fetch GET 200 https://registry.npmjs.org/type-is/-/type-is-2.0.1.tgz 1060ms (cache miss)
448 http fetch GET 200 https://registry.npmjs.org/proxy-addr/-/proxy-addr-2.0.7.tgz 1052ms (cache miss)
449 http fetch GET 200 https://registry.npmjs.org/side-channel/-/side-channel-1.1.0.tgz 1144ms (cache miss)
450 http fetch GET 200 https://registry.npmjs.org/ipaddr.js/-/ipaddr.js-1.9.1.tgz 1144ms (cache miss)
451 http fetch GET 200 https://registry.npmjs.org/send/-/send-1.2.1.tgz 1061ms (cache miss)
452 http fetch GET 200 https://registry.npmjs.org/finalhandler/-/finalhandler-2.1.1.tgz 1037ms (cache miss)
453 http fetch GET 200 https://registry.npmjs.org/content-disposition/-/content-disposition-1.0.1.tgz 1028ms (cache miss)
454 http fetch GET 200 https://registry.npmjs.org/call-bound/-/call-bound-1.0.4.tgz 1170ms (cache miss)
455 http fetch GET 200 https://registry.npmjs.org/es-errors/-/es-errors-1.3.0.tgz 1161ms (cache miss)
456 http fetch GET 200 https://registry.npmjs.org/call-bind-apply-helpers/-/call-bind-apply-helpers-1.0.2.tgz 1176ms (cache miss)
457 http fetch GET 200 https://registry.npmjs.org/negotiator/-/negotiator-1.0.0.tgz 1129ms (cache miss)
458 http fetch GET 200 https://registry.npmjs.org/depd/-/depd-2.0.0.tgz 1043ms (cache miss)
459 http fetch GET 200 https://registry.npmjs.org/path-to-regexp/-/path-to-regexp-8.3.0.tgz 1169ms (cache miss)
460 http fetch GET 200 https://registry.npmjs.org/function-bind/-/function-bind-1.1.2.tgz 1189ms (cache miss)
461 http fetch GET 200 https://registry.npmjs.org/mime-types/-/mime-types-3.0.2.tgz 1071ms (cache miss)
462 http fetch GET 200 https://registry.npmjs.org/has-symbols/-/has-symbols-1.1.0.tgz 1204ms (cache miss)
463 http fetch GET 200 https://registry.npmjs.org/get-intrinsic/-/get-intrinsic-1.3.0.tgz 1193ms (cache miss)
464 http fetch GET 200 https://registry.npmjs.org/router/-/router-2.2.0.tgz 1086ms (cache miss)
465 http fetch GET 200 https://registry.npmjs.org/mime-db/-/mime-db-1.54.0.tgz 1170ms (cache miss)
466 http fetch GET 200 https://registry.npmjs.org/body-parser/-/body-parser-2.2.2.tgz 1067ms (cache miss)
467 http fetch GET 200 https://registry.npmjs.org/math-intrinsics/-/math-intrinsics-1.1.0.tgz 1232ms (cache miss)
468 http fetch GET 200 https://registry.npmjs.org/express/-/express-5.2.1.tgz 1074ms (cache miss)
469 http fetch GET 200 https://registry.npmjs.org/object-inspect/-/object-inspect-1.13.4.tgz 1225ms (cache miss)
470 http fetch GET 200 https://registry.npmjs.org/iconv-lite/-/iconv-lite-0.7.2.tgz 1195ms (cache miss)
471 http fetch GET 200 https://registry.npmjs.org/qs/-/qs-6.15.0.tgz 1130ms (cache miss)
472 silly ADD node_modules/media-typer
473 silly ADD node_modules/dunder-proto
474 silly ADD node_modules/math-intrinsics
475 silly ADD node_modules/hasown
476 silly ADD node_modules/has-symbols
477 silly ADD node_modules/gopd
478 silly ADD node_modules/get-proto
479 silly ADD node_modules/es-object-atoms
480 silly ADD node_modules/es-define-property
481 silly ADD node_modules/function-bind
482 silly ADD node_modules/call-bind-apply-helpers
483 silly ADD node_modules/get-intrinsic
484 silly ADD node_modules/call-bound
485 silly ADD node_modules/side-channel-weakmap
486 silly ADD node_modules/side-channel-map
487 silly ADD node_modules/side-channel-list
488 silly ADD node_modules/object-inspect
489 silly ADD node_modules/es-errors
490 silly ADD node_modules/path-to-regexp
491 silly ADD node_modules/is-promise
492 silly ADD node_modules/unpipe
493 silly ADD node_modules/side-channel
494 silly ADD node_modules/ipaddr.js
495 silly ADD node_modules/forwarded
496 silly ADD node_modules/wrappy
497 silly ADD node_modules/ee-first
498 silly ADD node_modules/mime-db
499 silly ADD node_modules/safer-buffer
500 silly ADD node_modules/toidentifier
501 silly ADD node_modules/setprototypeof
502 silly ADD node_modules/inherits
503 silly ADD node_modules/raw-body
504 silly ADD node_modules/iconv-lite
505 silly ADD node_modules/bytes
506 silly ADD node_modules/negotiator
507 silly ADD node_modules/vary
508 silly ADD node_modules/type-is
509 silly ADD node_modules/statuses
510 silly ADD node_modules/serve-static
511 silly ADD node_modules/send
512 silly ADD node_modules/router
513 silly ADD node_modules/range-parser
514 silly ADD node_modules/qs
515 silly ADD node_modules/proxy-addr
516 silly ADD node_modules/parseurl
517 silly ADD node_modules/once
518 silly ADD node_modules/on-finished
519 silly ADD node_modules/mime-types
520 silly ADD node_modules/merge-descriptors
521 silly ADD node_modules/http-errors
522 silly ADD node_modules/fresh
523 silly ADD node_modules/finalhandler
524 silly ADD node_modules/etag
525 silly ADD node_modules/escape-html
526 silly ADD node_modules/encodeurl
527 silly ADD node_modules/depd
528 silly ADD node_modules/cookie-signature
529 silly ADD node_modules/cookie
530 silly ADD node_modules/content-type
531 silly ADD node_modules/content-disposition
532 silly ADD node_modules/body-parser
533 silly ADD node_modules/accepts
534 silly ADD node_modules/express
535 verbose cwd /home/ec2-user
536 verbose os Linux 6.1.161-183.298.amzn2023.x86_64
537 verbose node v18.20.8
538 verbose npm  v10.8.2
539 verbose exit 0
540 info ok
