0 verbose cli /usr/bin/node /usr/bin/npm
1 info using npm@10.8.2
2 info using node@v18.20.8
3 silly config load:file:/usr/lib/node_modules/npm/npmrc
4 silly config load:file:/home/ec2-user/.npmrc
5 silly config load:file:/usr/etc/npmrc
6 verbose title npm i mongoose
7 verbose argv "i" "mongoose"
8 verbose logfile logs-max:10 dir:/home/ec2-user/.npm/_logs/2026-02-18T13_45_20_908Z-
9 verbose logfile /home/ec2-user/.npm/_logs/2026-02-18T13_45_20_908Z-debug-0.log
10 silly packumentCache heap:493355008 maxSize:123338752 maxEntrySize:61669376
11 silly logfile done cleaning log files
12 silly idealTree buildDeps
13 silly fetch manifest mongoose@*
14 silly packumentCache full:https://registry.npmjs.org/mongoose cache-miss
15 http fetch GET 200 https://registry.npmjs.org/npm 194ms
16 http fetch GET 200 https://registry.npmjs.org/mongoose 249ms (cache miss)
17 silly packumentCache full:https://registry.npmjs.org/mongoose set size:undefined disposed:false
18 silly placeDep ROOT mongoose@8.23.0 OK for:  want: *
19 silly fetch manifest ms@2.1.3
20 silly packumentCache full:https://registry.npmjs.org/ms cache-miss
21 http fetch GET 200 https://registry.npmjs.org/ms 49ms (cache miss)
22 silly packumentCache full:https://registry.npmjs.org/ms set size:undefined disposed:false
23 silly fetch manifest bson@^6.10.4
24 silly packumentCache full:https://registry.npmjs.org/bson cache-miss
25 http fetch GET 200 https://registry.npmjs.org/bson 356ms (cache miss)
26 silly packumentCache full:https://registry.npmjs.org/bson set size:undefined disposed:false
27 silly fetch manifest sift@17.1.3
28 silly packumentCache full:https://registry.npmjs.org/sift cache-miss
29 http fetch GET 200 https://registry.npmjs.org/sift 46ms (cache miss)
30 silly packumentCache full:https://registry.npmjs.org/sift set size:undefined disposed:false
31 silly fetch manifest mpath@0.9.0
32 silly packumentCache full:https://registry.npmjs.org/mpath cache-miss
33 http fetch GET 200 https://registry.npmjs.org/mpath 26ms (cache miss)
34 silly packumentCache full:https://registry.npmjs.org/mpath set size:undefined disposed:false
35 silly fetch manifest kareem@2.6.3
36 silly packumentCache full:https://registry.npmjs.org/kareem cache-miss
37 http fetch GET 200 https://registry.npmjs.org/kareem 38ms (cache miss)
38 silly packumentCache full:https://registry.npmjs.org/kareem set size:undefined disposed:false
39 silly fetch manifest mquery@5.0.0
40 silly packumentCache full:https://registry.npmjs.org/mquery cache-miss
41 http fetch GET 200 https://registry.npmjs.org/mquery 28ms (cache miss)
42 silly packumentCache full:https://registry.npmjs.org/mquery set size:undefined disposed:false
43 silly fetch manifest mongodb@~6.20.0
44 silly packumentCache full:https://registry.npmjs.org/mongodb cache-miss
45 http fetch GET 200 https://registry.npmjs.org/mongodb 154ms (cache miss)
46 silly packumentCache full:https://registry.npmjs.org/mongodb set size:undefined disposed:false
47 silly fetch manifest @aws-sdk/credential-providers@^3.188.0
48 silly packumentCache full:https://registry.npmjs.org/@aws-sdk%2fcredential-providers cache-miss
49 http fetch GET 200 https://registry.npmjs.org/@aws-sdk%2fcredential-providers 412ms (cache miss)
50 silly packumentCache full:https://registry.npmjs.org/@aws-sdk%2fcredential-providers set size:undefined disposed:false
51 silly fetch manifest @mongodb-js/zstd@^1.1.0 || ^2.0.0
52 silly packumentCache full:https://registry.npmjs.org/@mongodb-js%2fzstd cache-miss
53 http fetch GET 200 https://registry.npmjs.org/@mongodb-js%2fzstd 44ms (cache miss)
54 silly packumentCache full:https://registry.npmjs.org/@mongodb-js%2fzstd set size:undefined disposed:false
55 silly fetch manifest gcp-metadata@^5.2.0
56 silly packumentCache full:https://registry.npmjs.org/gcp-metadata cache-miss
57 http fetch GET 200 https://registry.npmjs.org/gcp-metadata 35ms (cache miss)
58 silly packumentCache full:https://registry.npmjs.org/gcp-metadata set size:undefined disposed:false
59 silly fetch manifest kerberos@^2.0.1
60 silly packumentCache full:https://registry.npmjs.org/kerberos cache-miss
61 http fetch GET 200 https://registry.npmjs.org/kerberos 32ms (cache miss)
62 silly packumentCache full:https://registry.npmjs.org/kerberos set size:undefined disposed:false
63 silly fetch manifest mongodb-client-encryption@>=6.0.0 <7
64 silly packumentCache full:https://registry.npmjs.org/mongodb-client-encryption cache-miss
65 http fetch GET 200 https://registry.npmjs.org/mongodb-client-encryption 30ms (cache miss)
66 silly packumentCache full:https://registry.npmjs.org/mongodb-client-encryption set size:undefined disposed:false
67 silly fetch manifest snappy@^7.3.2
68 silly packumentCache full:https://registry.npmjs.org/snappy cache-miss
69 http fetch GET 200 https://registry.npmjs.org/snappy 38ms (cache miss)
70 silly packumentCache full:https://registry.npmjs.org/snappy set size:undefined disposed:false
71 silly fetch manifest socks@^2.7.1
72 silly packumentCache full:https://registry.npmjs.org/socks cache-miss
73 http fetch GET 200 https://registry.npmjs.org/socks 26ms (cache miss)
74 silly packumentCache full:https://registry.npmjs.org/socks set size:undefined disposed:false
75 silly placeDep ROOT bson@6.10.4 OK for: mongoose@8.23.0 want: ^6.10.4
76 silly placeDep ROOT kareem@2.6.3 OK for: mongoose@8.23.0 want: 2.6.3
77 silly placeDep ROOT mongodb@6.20.0 OK for: mongoose@8.23.0 want: ~6.20.0
78 silly placeDep ROOT mpath@0.9.0 OK for: mongoose@8.23.0 want: 0.9.0
79 silly placeDep ROOT mquery@5.0.0 OK for: mongoose@8.23.0 want: 5.0.0
80 silly placeDep ROOT ms@2.1.3 OK for: mongoose@8.23.0 want: 2.1.3
81 silly placeDep ROOT sift@17.1.3 OK for: mongoose@8.23.0 want: 17.1.3
82 silly fetch manifest @mongodb-js/saslprep@^1.3.0
83 silly packumentCache full:https://registry.npmjs.org/@mongodb-js%2fsaslprep cache-miss
84 http fetch GET 200 https://registry.npmjs.org/@mongodb-js%2fsaslprep 54ms (cache miss)
85 silly packumentCache full:https://registry.npmjs.org/@mongodb-js%2fsaslprep set size:undefined disposed:false
86 silly fetch manifest mongodb-connection-string-url@^3.0.2
87 silly packumentCache full:https://registry.npmjs.org/mongodb-connection-string-url cache-miss
88 http fetch GET 200 https://registry.npmjs.org/mongodb-connection-string-url 23ms (cache miss)
89 silly packumentCache full:https://registry.npmjs.org/mongodb-connection-string-url set size:undefined disposed:false
90 silly fetch manifest debug@4.x
91 silly packumentCache full:https://registry.npmjs.org/debug cache-miss
92 http fetch GET 200 https://registry.npmjs.org/debug 32ms (cache miss)
93 silly packumentCache full:https://registry.npmjs.org/debug set size:undefined disposed:false
94 silly placeDep ROOT @mongodb-js/saslprep@1.4.6 OK for: mongodb@6.20.0 want: ^1.3.0
95 silly placeDep ROOT mongodb-connection-string-url@3.0.2 OK for: mongodb@6.20.0 want: ^3.0.2
96 silly fetch manifest sparse-bitfield@^3.0.3
97 silly packumentCache full:https://registry.npmjs.org/sparse-bitfield cache-miss
98 http fetch GET 200 https://registry.npmjs.org/sparse-bitfield 32ms (cache miss)
99 silly packumentCache full:https://registry.npmjs.org/sparse-bitfield set size:undefined disposed:false
100 silly fetch manifest whatwg-url@^14.1.0 || ^13.0.0
101 silly packumentCache full:https://registry.npmjs.org/whatwg-url cache-miss
102 http fetch GET 200 https://registry.npmjs.org/whatwg-url 33ms (cache miss)
103 silly packumentCache full:https://registry.npmjs.org/whatwg-url set size:undefined disposed:false
104 silly fetch manifest @types/whatwg-url@^11.0.2
105 silly packumentCache full:https://registry.npmjs.org/@types%2fwhatwg-url cache-miss
106 http fetch GET 200 https://registry.npmjs.org/@types%2fwhatwg-url 34ms (cache miss)
107 silly packumentCache full:https://registry.npmjs.org/@types%2fwhatwg-url set size:undefined disposed:false
108 silly placeDep ROOT sparse-bitfield@3.0.3 OK for: @mongodb-js/saslprep@1.4.6 want: ^3.0.3
109 silly fetch manifest memory-pager@^1.0.2
110 silly packumentCache full:https://registry.npmjs.org/memory-pager cache-miss
111 http fetch GET 200 https://registry.npmjs.org/memory-pager 36ms (cache miss)
112 silly packumentCache full:https://registry.npmjs.org/memory-pager set size:undefined disposed:false
113 silly placeDep ROOT @types/whatwg-url@11.0.5 OK for: mongodb-connection-string-url@3.0.2 want: ^11.0.2
114 silly placeDep ROOT whatwg-url@14.2.0 OK for: mongodb-connection-string-url@3.0.2 want: ^14.1.0 || ^13.0.0
115 silly fetch manifest @types/webidl-conversions@*
116 silly packumentCache full:https://registry.npmjs.org/@types%2fwebidl-conversions cache-miss
117 http fetch GET 200 https://registry.npmjs.org/@types%2fwebidl-conversions 28ms (cache miss)
118 silly packumentCache full:https://registry.npmjs.org/@types%2fwebidl-conversions set size:undefined disposed:false
119 silly fetch manifest tr46@^5.1.0
120 silly packumentCache full:https://registry.npmjs.org/tr46 cache-miss
121 http fetch GET 200 https://registry.npmjs.org/tr46 38ms (cache miss)
122 silly packumentCache full:https://registry.npmjs.org/tr46 set size:undefined disposed:false
123 silly fetch manifest webidl-conversions@^7.0.0
124 silly packumentCache full:https://registry.npmjs.org/webidl-conversions cache-miss
125 http fetch GET 200 https://registry.npmjs.org/webidl-conversions 26ms (cache miss)
126 silly packumentCache full:https://registry.npmjs.org/webidl-conversions set size:undefined disposed:false
127 silly placeDep ROOT @types/webidl-conversions@7.0.3 OK for: @types/whatwg-url@11.0.5 want: *
128 silly placeDep ROOT debug@4.4.3 OK for: mquery@5.0.0 want: 4.x
129 silly placeDep ROOT memory-pager@1.5.0 OK for: sparse-bitfield@3.0.3 want: ^1.0.2
130 silly placeDep ROOT tr46@5.1.1 OK for: whatwg-url@14.2.0 want: ^5.1.0
131 silly placeDep ROOT webidl-conversions@7.0.0 OK for: whatwg-url@14.2.0 want: ^7.0.0
132 silly fetch manifest punycode@^2.3.1
133 silly packumentCache full:https://registry.npmjs.org/punycode cache-miss
134 http fetch GET 200 https://registry.npmjs.org/punycode 30ms (cache miss)
135 silly packumentCache full:https://registry.npmjs.org/punycode set size:undefined disposed:false
136 silly placeDep ROOT punycode@2.3.1 OK for: tr46@5.1.1 want: ^2.3.1
137 silly reify moves {}
138 silly tarball no local data for punycode@https://registry.npmjs.org/punycode/-/punycode-2.3.1.tgz. Extracting by manifest.
139 silly tarball no local data for webidl-conversions@https://registry.npmjs.org/webidl-conversions/-/webidl-conversions-7.0.0.tgz. Extracting by manifest.
140 silly tarball no local data for tr46@https://registry.npmjs.org/tr46/-/tr46-5.1.1.tgz. Extracting by manifest.
141 silly tarball no local data for memory-pager@https://registry.npmjs.org/memory-pager/-/memory-pager-1.5.0.tgz. Extracting by manifest.
142 silly tarball no local data for debug@https://registry.npmjs.org/debug/-/debug-4.4.3.tgz. Extracting by manifest.
143 silly tarball no local data for @types/webidl-conversions@https://registry.npmjs.org/@types/webidl-conversions/-/webidl-conversions-7.0.3.tgz. Extracting by manifest.
144 silly tarball no local data for whatwg-url@https://registry.npmjs.org/whatwg-url/-/whatwg-url-14.2.0.tgz. Extracting by manifest.
145 silly tarball no local data for @types/whatwg-url@https://registry.npmjs.org/@types/whatwg-url/-/whatwg-url-11.0.5.tgz. Extracting by manifest.
146 silly tarball no local data for sparse-bitfield@https://registry.npmjs.org/sparse-bitfield/-/sparse-bitfield-3.0.3.tgz. Extracting by manifest.
147 silly tarball no local data for mongodb-connection-string-url@https://registry.npmjs.org/mongodb-connection-string-url/-/mongodb-connection-string-url-3.0.2.tgz. Extracting by manifest.
148 silly tarball no local data for @mongodb-js/saslprep@https://registry.npmjs.org/@mongodb-js/saslprep/-/saslprep-1.4.6.tgz. Extracting by manifest.
149 silly tarball no local data for sift@https://registry.npmjs.org/sift/-/sift-17.1.3.tgz. Extracting by manifest.
150 silly tarball no local data for ms@https://registry.npmjs.org/ms/-/ms-2.1.3.tgz. Extracting by manifest.
151 silly tarball no local data for mquery@https://registry.npmjs.org/mquery/-/mquery-5.0.0.tgz. Extracting by manifest.
152 silly tarball no local data for mpath@https://registry.npmjs.org/mpath/-/mpath-0.9.0.tgz. Extracting by manifest.
153 silly tarball no local data for mongodb@https://registry.npmjs.org/mongodb/-/mongodb-6.20.0.tgz. Extracting by manifest.
154 silly tarball no local data for kareem@https://registry.npmjs.org/kareem/-/kareem-2.6.3.tgz. Extracting by manifest.
155 silly tarball no local data for bson@https://registry.npmjs.org/bson/-/bson-6.10.4.tgz. Extracting by manifest.
156 silly tarball no local data for mongoose@https://registry.npmjs.org/mongoose/-/mongoose-8.23.0.tgz. Extracting by manifest.
157 http fetch GET 200 https://registry.npmjs.org/webidl-conversions/-/webidl-conversions-7.0.0.tgz 472ms (cache miss)
158 http fetch GET 200 https://registry.npmjs.org/punycode/-/punycode-2.3.1.tgz 478ms (cache miss)
159 http fetch GET 200 https://registry.npmjs.org/kareem/-/kareem-2.6.3.tgz 463ms (cache miss)
160 http fetch GET 200 https://registry.npmjs.org/memory-pager/-/memory-pager-1.5.0.tgz 494ms (cache miss)
161 http fetch GET 200 https://registry.npmjs.org/@types/whatwg-url/-/whatwg-url-11.0.5.tgz 491ms (cache miss)
162 http fetch GET 200 https://registry.npmjs.org/ms/-/ms-2.1.3.tgz 484ms (cache miss)
163 http fetch GET 200 https://registry.npmjs.org/sparse-bitfield/-/sparse-bitfield-3.0.3.tgz 489ms (cache miss)
164 http fetch GET 200 https://registry.npmjs.org/@types/webidl-conversions/-/webidl-conversions-7.0.3.tgz 500ms (cache miss)
165 http fetch GET 200 https://registry.npmjs.org/mongodb-connection-string-url/-/mongodb-connection-string-url-3.0.2.tgz 520ms (cache miss)
166 http fetch GET 200 https://registry.npmjs.org/debug/-/debug-4.4.3.tgz 537ms (cache miss)
167 http fetch GET 200 https://registry.npmjs.org/mpath/-/mpath-0.9.0.tgz 527ms (cache miss)
168 http fetch GET 200 https://registry.npmjs.org/whatwg-url/-/whatwg-url-14.2.0.tgz 569ms (cache miss)
169 http fetch GET 200 https://registry.npmjs.org/mquery/-/mquery-5.0.0.tgz 564ms (cache miss)
170 http fetch GET 200 https://registry.npmjs.org/tr46/-/tr46-5.1.1.tgz 592ms (cache miss)
171 http fetch GET 200 https://registry.npmjs.org/sift/-/sift-17.1.3.tgz 634ms (cache miss)
172 http fetch GET 200 https://registry.npmjs.org/@mongodb-js/saslprep/-/saslprep-1.4.6.tgz 648ms (cache miss)
173 http fetch GET 200 https://registry.npmjs.org/bson/-/bson-6.10.4.tgz 824ms (cache miss)
174 http fetch GET 200 https://registry.npmjs.org/mongoose/-/mongoose-8.23.0.tgz 969ms (cache miss)
175 http fetch GET 200 https://registry.npmjs.org/mongodb/-/mongodb-6.20.0.tgz 1036ms (cache miss)
176 silly ADD node_modules/punycode
177 silly ADD node_modules/webidl-conversions
178 silly ADD node_modules/tr46
179 silly ADD node_modules/memory-pager
180 silly ADD node_modules/debug
181 silly ADD node_modules/@types/webidl-conversions
182 silly ADD node_modules/whatwg-url
183 silly ADD node_modules/@types/whatwg-url
184 silly ADD node_modules/sparse-bitfield
185 silly ADD node_modules/mongodb-connection-string-url
186 silly ADD node_modules/@mongodb-js/saslprep
187 silly ADD node_modules/sift
188 silly ADD node_modules/ms
189 silly ADD node_modules/mquery
190 silly ADD node_modules/mpath
191 silly ADD node_modules/mongodb
192 silly ADD node_modules/kareem
193 silly ADD node_modules/bson
194 silly ADD node_modules/mongoose
195 verbose cwd /home/ec2-user
196 verbose os Linux 6.1.161-183.298.amzn2023.x86_64
197 verbose node v18.20.8
198 verbose npm  v10.8.2
199 notice
199 notice New [31mmajor[39m version of npm available! [31m10.8.2[39m -> [34m11.10.0[39m
199 notice Changelog: [34mhttps://github.com/npm/cli/releases/tag/v11.10.0[39m
199 notice To update run: [4mnpm install -g npm@11.10.0[24m
199 notice  { force: true, [Symbol(proc-log.meta)]: true }
200 verbose exit 0
201 info ok
